{
  "stats": {
    "suites": 2,
    "tests": 4,
    "passes": 2,
    "pending": 0,
    "failures": 1,
    "testsRegistered": 4,
    "passPercent": 50,
    "pendingPercent": 0,
    "other": 0,
    "hasOther": false,
    "skipped": 1,
    "hasSkipped": true,
    "start": "2023-10-19T17:38:59.671Z",
    "end": "2023-10-19T17:39:07.188Z",
    "duration": 7517
  },
  "results": [
    {
      "uuid": "46a7aed7-2497-4a67-8feb-fb517e38fcab",
      "title": "",
      "fullFile": "cypress/e2e/stepper/stepper.spec.js",
      "file": "cypress/e2e/stepper/stepper.spec.js",
      "beforeHooks": [],
      "afterHooks": [],
      "tests": [],
      "suites": [
        {
          "uuid": "e22aea29-69d9-41da-99f5-3986bcfc842a",
          "title": "Stepper page",
          "fullFile": "",
          "file": "",
          "beforeHooks": [],
          "afterHooks": [],
          "tests": [
            {
              "title": "Vertical stepper should display correct title on each step",
              "fullTitle": "Stepper page Vertical stepper should display correct title on each step",
              "timedOut": null,
              "duration": 182,
              "state": "failed",
              "speed": null,
              "pass": false,
              "fail": true,
              "pending": false,
              "context": null,
              "code": "cy.get('nb-stepper[orientation=\"vertical\"] h3').as(\"stepperTitle\");\ncy.get('nb-stepper[orientation=\"vertical\"] button').last().as(\"nextButton\");\ncy.get(\"@stepperTitle\").should('have.text', \"Step content #1\");\ncy.get(\"@nextButton\").click();\ncy.get(\"@stepperTitle\").should('have.text', \"Step content #2\");\ncy.get(\"@nextButton\").click();\ncy.get(\"@stepperTitle\").should('have.text', \"Step content #3\");\ncy.get(\"@nextButton\").click();\ncy.get(\"@stepperTitle\").should('have.text', \"Step content #4\");\ncy.get(\"@nextButton\").should('be.disabled');",
              "err": {
                "message": "CypressError: `cy.visit()` must be called with a `url` or an `options` object containing a `url` as its 1st argument\n\nhttps://on.cypress.io/visit\n\nBecause this error occurred during a `before each` hook we are skipping the remaining tests in the current suite: `Stepper page`",
                "estack": "CypressError: `cy.visit()` must be called with a `url` or an `options` object containing a `url` as its 1st argument\n\nhttps://on.cypress.io/visit\n\nBecause this error occurred during a `before each` hook we are skipping the remaining tests in the current suite: `Stepper page`\n    at Context.visit (http://localhost:4200/__cypress/runner/cypress_runner.js:130614:70)\n    at wrapped (http://localhost:4200/__cypress/runner/cypress_runner.js:138274:43)\nFrom Your Spec Code:\n    at Context.eval (webpack://ngx-admin/./cypress/e2e/stepper/stepper.spec.js:8:7)",
                "diff": null
              },
              "uuid": "85491379-84d4-4254-8071-a33854a0386f",
              "parentUUID": "e22aea29-69d9-41da-99f5-3986bcfc842a",
              "isHook": false,
              "skipped": false
            },
            {
              "title": "Vertical stepper should display correct title on each step (XPATH)",
              "fullTitle": "Stepper page Vertical stepper should display correct title on each step (XPATH)",
              "timedOut": null,
              "duration": 0,
              "state": "skipped",
              "speed": null,
              "pass": false,
              "fail": false,
              "pending": false,
              "context": null,
              "code": "const titleSelector = '//nb-stepper[@orientation=\"vertical\"]//h3';\nconst nextButtonSelector = '//nb-stepper[@orientation=\"vertical\"]//button[2]';\ncy.xpath(titleSelector).should('have.text', \"Step content #1\");\ncy.xpath(nextButtonSelector).click();\ncy.xpath(titleSelector).should('have.text', \"Step content #2\");\ncy.xpath(nextButtonSelector).click();\ncy.xpath(titleSelector).should('have.text', \"Step content #3\");\ncy.xpath(nextButtonSelector).click();\ncy.xpath(titleSelector).should('have.text', \"Step content #4\");\ncy.xpath(nextButtonSelector).should('be.disabled');",
              "err": {},
              "uuid": "cd718226-20b9-4cb7-803b-0eaa1de693ef",
              "parentUUID": "e22aea29-69d9-41da-99f5-3986bcfc842a",
              "isHook": false,
              "skipped": true
            }
          ],
          "suites": [],
          "passes": [],
          "failures": [
            "85491379-84d4-4254-8071-a33854a0386f"
          ],
          "pending": [],
          "skipped": [
            "cd718226-20b9-4cb7-803b-0eaa1de693ef"
          ],
          "duration": 182,
          "root": false,
          "rootEmpty": false,
          "_timeout": 2000
        }
      ],
      "passes": [],
      "failures": [],
      "pending": [],
      "skipped": [],
      "duration": 0,
      "root": true,
      "rootEmpty": true,
      "_timeout": 2000
    },
    {
      "uuid": "ff30a7a6-d5b8-4b9d-9c4e-6876af23a7e4",
      "title": "",
      "fullFile": "cypress/e2e/forms/smartForm.spec.js",
      "file": "cypress/e2e/forms/smartForm.spec.js",
      "beforeHooks": [],
      "afterHooks": [],
      "tests": [],
      "suites": [
        {
          "uuid": "39acb6b8-8c39-4c3e-897c-8dadbf5909bb",
          "title": "Smart form page",
          "fullFile": "",
          "file": "",
          "beforeHooks": [],
          "afterHooks": [],
          "tests": [
            {
              "title": "should display valid users",
              "fullTitle": "Smart form page should display valid users",
              "timedOut": null,
              "duration": 2907,
              "state": "passed",
              "speed": "fast",
              "pass": true,
              "fail": false,
              "pending": false,
              "context": null,
              "code": "cy.visit('pages/tables/smart-table');\nconst expectedUsers = [{\n  \"id\": \"1\",\n  \"firstName\": \"Mark\"\n}, {\n  \"id\": \"2\",\n  \"firstName\": \"Jacob\"\n}, {\n  \"id\": \"3\",\n  \"firstName\": \"Larry\"\n}, {\n  \"id\": \"4\",\n  \"firstName\": \"John\"\n}, {\n  \"id\": \"5\",\n  \"firstName\": \"Jack\"\n}, {\n  \"id\": \"6\",\n  \"firstName\": \"Ann\"\n}, {\n  \"id\": \"7\",\n  \"firstName\": \"Barbara\"\n}, {\n  \"id\": \"8\",\n  \"firstName\": \"Sevan\"\n}, {\n  \"id\": \"9\",\n  \"firstName\": \"Ruben\"\n}, {\n  \"id\": \"10\",\n  \"firstName\": \"Karen\"\n}];\nconst users = [];\ncy.get(\"table tbody tr.ng-star-inserted\").each($el => {\n  cy.wrap($el).find('td').then($cells => {\n    const user = {\n      id: $cells.eq(1).text(),\n      firstName: $cells.eq(2).text()\n    };\n    users.push(user);\n  });\n}).then(() => {\n  cy.log(users);\n  cy.wrap(users).should('deep.equal', expectedUsers);\n});",
              "err": {},
              "uuid": "51b8c0ab-7808-4354-8315-5d8512da2ec1",
              "parentUUID": "39acb6b8-8c39-4c3e-897c-8dadbf5909bb",
              "isHook": false,
              "skipped": false
            },
            {
              "title": "find by id",
              "fullTitle": "Smart form page find by id",
              "timedOut": null,
              "duration": 1446,
              "state": "passed",
              "speed": "fast",
              "pass": true,
              "fail": false,
              "pending": false,
              "context": null,
              "code": "cy.visit('pages/tables/smart-table');\ncy.get(\"table tbody tr.ng-star-inserted\").find(\"td\").filter(':contains(\"5\")').last().parent().find(\"a.ng2-smart-action-edit-edit\").click();",
              "err": {},
              "uuid": "02e9d5a0-8bd6-4873-8624-0b0c94f8ba73",
              "parentUUID": "39acb6b8-8c39-4c3e-897c-8dadbf5909bb",
              "isHook": false,
              "skipped": false
            }
          ],
          "suites": [],
          "passes": [
            "51b8c0ab-7808-4354-8315-5d8512da2ec1",
            "02e9d5a0-8bd6-4873-8624-0b0c94f8ba73"
          ],
          "failures": [],
          "pending": [],
          "skipped": [],
          "duration": 4353,
          "root": false,
          "rootEmpty": false,
          "_timeout": 2000
        }
      ],
      "passes": [],
      "failures": [],
      "pending": [],
      "skipped": [],
      "duration": 0,
      "root": true,
      "rootEmpty": true,
      "_timeout": 2000
    }
  ],
  "meta": {
    "mocha": {
      "version": "7.0.1"
    },
    "mochawesome": {
      "options": {
        "quiet": false,
        "reportFilename": "mochawesome",
        "saveHtml": false,
        "saveJson": true,
        "consoleReporter": "spec",
        "useInlineDiffs": false,
        "code": true
      },
      "version": "7.1.3"
    },
    "marge": {
      "options": {
        "reportDir": "cypress/reports",
        "overwrite": false,
        "html": false,
        "json": true
      },
      "version": "6.2.0"
    }
  }
}